2019-04-29 00:49:57 INFO  TagController:32 - создание сервиса управления таблецей tags
2019-04-29 00:49:58 INFO  Application:23 - Запуск сервера
2019-04-29 01:10:05 INFO  TagController:32 - создание сервиса управления таблецей tags
2019-04-29 01:10:06 INFO  Application:23 - Запуск сервера
2019-04-29 01:10:22 INFO  TagController:87 - Возвращает все объекты типа Tag из базы данных
2019-04-29 01:13:32 INFO  TagController:98 - Возвращает объект Tag по запрашиваему тексту тега
2019-04-29 13:10:19 INFO  TagController:32 - создание сервиса управления таблецей tags
2019-04-29 13:10:20 INFO  Application:23 - Запуск сервера
2019-04-29 13:10:35 INFO  TagController:87 - Возвращает все объекты типа Tag из базы данных
2019-04-29 13:12:14 INFO  TagController:32 - создание сервиса управления таблецей tags
2019-04-29 13:12:15 INFO  Application:23 - Запуск сервера
2019-04-29 13:13:20 INFO  TagController:87 - Возвращает все объекты типа Tag из базы данных
2019-04-29 13:13:27 INFO  TagController:87 - Возвращает все объекты типа Tag из базы данных
2019-04-29 13:13:30 INFO  TagController:87 - Возвращает все объекты типа Tag из базы данных
2019-04-29 13:14:09 INFO  TagController:32 - создание сервиса управления таблецей tags
2019-04-29 13:14:10 INFO  Application:23 - Запуск сервера
2019-04-29 13:15:16 INFO  TagController:32 - создание сервиса управления таблецей tags
2019-04-29 13:15:16 INFO  Application:23 - Запуск сервера
2019-04-29 13:16:10 INFO  TagController:32 - создание сервиса управления таблецей tags
2019-04-29 13:16:11 INFO  Application:23 - Запуск сервера
2019-04-29 13:18:26 INFO  TagController:32 - создание сервиса управления таблецей tags
2019-04-29 13:18:27 INFO  Application:23 - Запуск сервера
2019-04-29 13:20:42 INFO  TagController:87 - Возвращает все объекты типа Tag из базы данных
2019-04-29 13:21:30 INFO  TagController:32 - создание сервиса управления таблецей tags
2019-04-29 13:21:31 INFO  Application:23 - Запуск сервера
2019-04-29 13:22:41 INFO  TagController:32 - создание сервиса управления таблецей tags
2019-04-29 13:22:42 INFO  Application:23 - Запуск сервера
2019-04-29 13:23:46 INFO  TagController:87 - Возвращает все объекты типа Tag из базы данных
2019-04-29 13:46:33 INFO  TagController:32 - создание сервиса управления таблецей tags
2019-04-29 13:46:34 INFO  Application:23 - Запуск сервера
2019-04-29 13:46:49 INFO  TagController:87 - Возвращает все объекты типа Tag из базы данных
2019-04-29 13:46:52 INFO  TagController:87 - Возвращает все объекты типа Tag из базы данных
2019-04-29 13:47:30 INFO  TagController:87 - Возвращает все объекты типа Tag из базы данных
2019-04-29 13:47:36 INFO  TagController:87 - Возвращает все объекты типа Tag из базы данных
2019-04-29 13:47:46 INFO  TagController:87 - Возвращает все объекты типа Tag из базы данных
2019-04-29 13:47:51 INFO  TagController:87 - Возвращает все объекты типа Tag из базы данных
2019-04-29 13:47:53 INFO  TagController:87 - Возвращает все объекты типа Tag из базы данных
2019-04-29 13:48:00 INFO  TagController:98 - Возвращает объект Tag по запрашиваему тексту тега
2019-04-29 13:48:00 INFO  TagController:67 - Обновляет запрашиваемый объект Tag в базе данных
2019-04-29 13:48:03 INFO  TagController:77 - Удаляет запрашиваемый объект Tag из базы данных
2019-04-29 13:50:33 INFO  TagController:32 - создание сервиса управления таблецей tags
2019-04-29 13:50:34 INFO  Application:23 - Запуск сервера
2019-04-29 13:52:32 INFO  TagController:32 - создание сервиса управления таблецей tags
2019-04-29 13:52:33 INFO  Application:23 - Запуск сервера
2019-04-29 13:54:22 INFO  TagController:87 - Возвращает все объекты типа Tag из базы данных
2019-04-29 13:54:30 INFO  TagController:87 - Возвращает все объекты типа Tag из базы данных
2019-04-29 13:54:38 INFO  TagController:87 - Возвращает все объекты типа Tag из базы данных
2019-04-29 14:03:50 INFO  TagController:32 - создание сервиса управления таблецей tags
2019-04-29 14:03:52 INFO  Application:23 - Запуск сервера
2019-04-29 14:09:27 INFO  TagController:32 - создание сервиса управления таблецей tags
2019-04-29 14:09:28 INFO  Application:23 - Запуск сервера
2019-04-29 14:11:12 INFO  TagController:32 - создание сервиса управления таблецей tags
2019-04-29 14:11:14 INFO  Application:23 - Запуск сервера
2019-04-29 14:12:17 INFO  TagController:32 - создание сервиса управления таблецей tags
2019-04-29 14:12:19 INFO  Application:23 - Запуск сервера
2019-04-29 14:13:51 INFO  TagController:32 - создание сервиса управления таблецей tags
2019-04-29 14:13:53 INFO  Application:23 - Запуск сервера
2019-04-29 14:14:40 INFO  TagController:32 - создание сервиса управления таблецей tags
2019-04-29 14:14:41 INFO  Application:23 - Запуск сервера
2019-04-29 14:17:58 INFO  TagController:32 - создание сервиса управления таблецей tags
2019-04-29 14:18:01 INFO  Application:23 - Запуск сервера
2019-04-29 14:19:06 INFO  TagController:32 - создание сервиса управления таблецей tags
2019-04-29 14:19:07 INFO  Application:23 - Запуск сервера
2019-04-29 14:20:00 INFO  TagController:87 - Возвращает все объекты типа Tag из базы данных
2019-04-29 14:20:06 INFO  TagController:87 - Возвращает все объекты типа Tag из базы данных
2019-04-29 14:20:15 INFO  TagController:87 - Возвращает все объекты типа Tag из базы данных
2019-04-29 14:23:38 INFO  TagController:32 - создание сервиса управления таблецей tags
2019-04-29 14:23:39 INFO  Application:23 - Запуск сервера
2019-04-29 14:27:06 INFO  TagController:32 - создание сервиса управления таблецей tags
2019-04-29 14:27:07 INFO  Application:23 - Запуск сервера
2019-04-29 14:30:41 INFO  TagController:87 - Возвращает все объекты типа Tag из базы данных
2019-04-29 14:30:46 INFO  TagController:87 - Возвращает все объекты типа Tag из базы данных
2019-04-29 14:37:06 INFO  TagController:32 - создание сервиса управления таблецей tags
2019-04-29 14:37:08 INFO  Application:23 - Запуск сервера
2019-04-29 14:40:44 INFO  TagController:32 - создание сервиса управления таблецей tags
2019-04-29 14:40:45 INFO  Application:23 - Запуск сервера
2019-04-29 14:41:35 INFO  TagController:32 - создание сервиса управления таблецей tags
2019-04-29 14:41:35 INFO  Application:23 - Запуск сервера
2019-04-29 14:43:10 INFO  TagController:32 - создание сервиса управления таблецей tags
2019-04-29 14:43:11 INFO  Application:23 - Запуск сервера
2019-04-29 14:48:16 INFO  TagController:87 - Возвращает все объекты типа Tag из базы данных
2019-04-29 15:05:42 INFO  TagController:32 - создание сервиса управления таблецей tags
2019-04-29 15:05:43 INFO  Application:23 - Запуск сервера
2019-04-29 15:08:03 INFO  TagController:32 - создание сервиса управления таблецей tags
2019-04-29 15:08:04 INFO  Application:23 - Запуск сервера
2019-04-29 15:09:46 INFO  TagController:32 - создание сервиса управления таблецей tags
2019-04-29 15:09:46 INFO  Application:23 - Запуск сервера
2019-04-29 15:14:23 INFO  TagController:32 - создание сервиса управления таблецей tags
2019-04-29 15:14:24 INFO  Application:23 - Запуск сервера
2019-04-29 15:44:00 INFO  TagController:87 - Возвращает все объекты типа Tag из базы данных
2019-04-29 15:44:51 INFO  TagController:32 - создание сервиса управления таблецей tags
2019-04-29 15:44:52 INFO  Application:23 - Запуск сервера
2019-04-29 15:45:10 INFO  TagController:87 - Возвращает все объекты типа Tag из базы данных
2019-04-29 15:46:20 INFO  TagController:32 - создание сервиса управления таблецей tags
2019-04-29 15:46:21 INFO  Application:23 - Запуск сервера
2019-04-29 15:46:46 INFO  TagController:87 - Возвращает все объекты типа Tag из базы данных
2019-04-29 15:46:58 INFO  TagController:98 - Возвращает объект Tag по запрашиваему тексту тега
2019-04-29 15:46:58 INFO  TagController:67 - Обновляет запрашиваемый объект Tag в базе данных
2019-04-29 15:47:02 INFO  TagController:77 - Удаляет запрашиваемый объект Tag из базы данных
2019-04-29 15:47:05 INFO  TagController:87 - Возвращает все объекты типа Tag из базы данных
2019-04-29 15:47:10 INFO  TagController:87 - Возвращает все объекты типа Tag из базы данных
2019-04-29 15:47:16 INFO  TagController:98 - Возвращает объект Tag по запрашиваему тексту тега
2019-04-29 15:47:16 INFO  TagController:55 - Сохраняет объект Tag
2019-04-29 18:15:15 INFO  ActController:23 - создание сервиса управления таблецей tags
2019-04-29 18:15:15 INFO  TagController:32 - создание сервиса управления таблецей tags
2019-04-29 18:15:16 INFO  Application:23 - Запуск сервера
2019-04-29 18:15:33 INFO  ActController:29 - Возвращает все объекты типа Act из базы данных
2019-04-29 18:16:33 INFO  ActController:23 - создание сервиса управления таблецей tags
2019-04-29 18:16:33 INFO  TagController:32 - создание сервиса управления таблецей tags
2019-04-29 18:16:33 INFO  Application:23 - Запуск сервера
2019-04-29 18:16:36 INFO  ActController:29 - Возвращает все объекты типа Act из базы данных
2019-04-29 18:28:11 INFO  TagController:87 - Возвращает все объекты типа Tag из базы данных
